2019-11-12 08:53:56.250 [main] INFO  com.example.demo.DemoNginxApplication - Starting DemoNginxApplication on SC-201907151545 with PID 161184 (G:\demo\target\classes started by Administrator in G:\demo)
2019-11-12 08:53:56.274 [main] INFO  com.example.demo.DemoNginxApplication - No active profile set, falling back to default profiles: default
2019-11-12 08:53:57.829 [main] INFO  o.s.d.r.config.RepositoryConfigurationDelegate - Multiple Spring Data modules found, entering strict repository configuration mode!
2019-11-12 08:53:57.831 [main] INFO  o.s.d.r.config.RepositoryConfigurationDelegate - Bootstrapping Spring Data repositories in DEFAULT mode.
2019-11-12 08:53:57.910 [main] INFO  o.s.d.r.c.RepositoryConfigurationExtensionSupport - Spring Data Elasticsearch - Could not safely identify store assignment for repository candidate interface com.example.demo.Mongodb.repository.OrderLogRepository.
2019-11-12 08:53:57.928 [main] INFO  o.s.d.r.config.RepositoryConfigurationDelegate - Finished Spring Data repository scanning in 93ms. Found 1 repository interfaces.
2019-11-12 08:53:57.932 [main] INFO  o.s.d.r.config.RepositoryConfigurationDelegate - Multiple Spring Data modules found, entering strict repository configuration mode!
2019-11-12 08:53:57.932 [main] INFO  o.s.d.r.config.RepositoryConfigurationDelegate - Bootstrapping Spring Data repositories in DEFAULT mode.
2019-11-12 08:53:57.943 [main] INFO  o.s.d.r.c.RepositoryConfigurationExtensionSupport - Spring Data Reactive Elasticsearch - Could not safely identify store assignment for repository candidate interface com.example.demo.Mongodb.repository.OrderLogRepository.
2019-11-12 08:53:57.943 [main] INFO  o.s.d.r.config.RepositoryConfigurationDelegate - Finished Spring Data repository scanning in 10ms. Found 0 repository interfaces.
2019-11-12 08:53:57.993 [main] INFO  o.s.d.r.config.RepositoryConfigurationDelegate - Multiple Spring Data modules found, entering strict repository configuration mode!
2019-11-12 08:53:57.993 [main] INFO  o.s.d.r.config.RepositoryConfigurationDelegate - Bootstrapping Spring Data repositories in DEFAULT mode.
2019-11-12 08:53:58.001 [main] INFO  o.s.d.r.c.RepositoryConfigurationExtensionSupport - Spring Data MongoDB - Could not safely identify store assignment for repository candidate interface com.example.demo.ElasticSearch.repository.MovieRepository.
2019-11-12 08:53:58.009 [main] INFO  o.s.d.r.config.RepositoryConfigurationDelegate - Finished Spring Data repository scanning in 16ms. Found 1 repository interfaces.
2019-11-12 08:53:58.038 [main] INFO  o.s.d.r.config.RepositoryConfigurationDelegate - Multiple Spring Data modules found, entering strict repository configuration mode!
2019-11-12 08:53:58.040 [main] INFO  o.s.d.r.config.RepositoryConfigurationDelegate - Bootstrapping Spring Data repositories in DEFAULT mode.
2019-11-12 08:53:58.062 [main] INFO  o.s.d.r.c.RepositoryConfigurationExtensionSupport - Spring Data Redis - Could not safely identify store assignment for repository candidate interface com.example.demo.ElasticSearch.repository.MovieRepository.
2019-11-12 08:53:58.062 [main] INFO  o.s.d.r.c.RepositoryConfigurationExtensionSupport - Spring Data Redis - Could not safely identify store assignment for repository candidate interface com.example.demo.Mongodb.repository.OrderLogRepository.
2019-11-12 08:53:58.062 [main] INFO  o.s.d.r.config.RepositoryConfigurationDelegate - Finished Spring Data repository scanning in 11ms. Found 0 repository interfaces.
2019-11-12 08:53:59.320 [main] INFO  o.s.c.s.PostProcessorRegistrationDelegate$BeanPostProcessorChecker - Bean 'org.springframework.transaction.annotation.ProxyTransactionManagementConfiguration' of type [org.springframework.transaction.annotation.ProxyTransactionManagementConfiguration] is not eligible for getting processed by all BeanPostProcessors (for example: not eligible for auto-proxying)
2019-11-12 08:53:59.497 [main] INFO  o.s.c.s.PostProcessorRegistrationDelegate$BeanPostProcessorChecker - Bean 'org.springframework.security.config.annotation.configuration.ObjectPostProcessorConfiguration' of type [org.springframework.security.config.annotation.configuration.ObjectPostProcessorConfiguration] is not eligible for getting processed by all BeanPostProcessors (for example: not eligible for auto-proxying)
2019-11-12 08:53:59.511 [main] INFO  o.s.c.s.PostProcessorRegistrationDelegate$BeanPostProcessorChecker - Bean 'objectPostProcessor' of type [org.springframework.security.config.annotation.configuration.AutowireBeanFactoryObjectPostProcessor] is not eligible for getting processed by all BeanPostProcessors (for example: not eligible for auto-proxying)
2019-11-12 08:53:59.514 [main] INFO  o.s.c.s.PostProcessorRegistrationDelegate$BeanPostProcessorChecker - Bean 'org.springframework.security.access.expression.method.DefaultMethodSecurityExpressionHandler@1d1bf7bf' of type [org.springframework.security.access.expression.method.DefaultMethodSecurityExpressionHandler] is not eligible for getting processed by all BeanPostProcessors (for example: not eligible for auto-proxying)
2019-11-12 08:53:59.517 [main] INFO  o.s.c.s.PostProcessorRegistrationDelegate$BeanPostProcessorChecker - Bean 'org.springframework.security.config.annotation.method.configuration.GlobalMethodSecurityConfiguration' of type [org.springframework.security.config.annotation.method.configuration.GlobalMethodSecurityConfiguration] is not eligible for getting processed by all BeanPostProcessors (for example: not eligible for auto-proxying)
2019-11-12 08:53:59.521 [main] INFO  o.s.c.s.PostProcessorRegistrationDelegate$BeanPostProcessorChecker - Bean 'methodSecurityMetadataSource' of type [org.springframework.security.access.method.DelegatingMethodSecurityMetadataSource] is not eligible for getting processed by all BeanPostProcessors (for example: not eligible for auto-proxying)
2019-11-12 08:53:59.888 [main] INFO  o.s.boot.web.embedded.tomcat.TomcatWebServer - Tomcat initialized with port(s): 8091 (http)
2019-11-12 08:53:59.901 [main] INFO  org.apache.coyote.http11.Http11NioProtocol - Initializing ProtocolHandler ["http-nio-8091"]
2019-11-12 08:53:59.901 [main] INFO  org.apache.catalina.core.StandardService - Starting service [Tomcat]
2019-11-12 08:53:59.901 [main] INFO  org.apache.catalina.core.StandardEngine - Starting Servlet engine: [Apache Tomcat/9.0.27]
2019-11-12 08:54:00.184 [main] INFO  org.apache.jasper.servlet.TldScanner - At least one JAR was scanned for TLDs yet contained no TLDs. Enable debug logging for this logger for a complete list of JARs that were scanned but no TLDs were found in them. Skipping unneeded JARs during scanning can improve startup time and JSP compilation time.
2019-11-12 08:54:00.188 [main] INFO  o.a.c.core.ContainerBase.[Tomcat].[localhost].[/] - Initializing Spring embedded WebApplicationContext
2019-11-12 08:54:00.188 [main] INFO  org.springframework.web.context.ContextLoader - Root WebApplicationContext: initialization completed in 3850 ms
2019-11-12 08:54:00.578 [main] INFO  org.elasticsearch.plugins.PluginsService - no modules loaded
2019-11-12 08:54:00.579 [main] INFO  org.elasticsearch.plugins.PluginsService - loaded plugin [org.elasticsearch.index.reindex.ReindexPlugin]
2019-11-12 08:54:00.579 [main] INFO  org.elasticsearch.plugins.PluginsService - loaded plugin [org.elasticsearch.join.ParentJoinPlugin]
2019-11-12 08:54:00.579 [main] INFO  org.elasticsearch.plugins.PluginsService - loaded plugin [org.elasticsearch.percolator.PercolatorPlugin]
2019-11-12 08:54:00.579 [main] INFO  org.elasticsearch.plugins.PluginsService - loaded plugin [org.elasticsearch.script.mustache.MustachePlugin]
2019-11-12 08:54:00.579 [main] INFO  org.elasticsearch.plugins.PluginsService - loaded plugin [org.elasticsearch.transport.Netty4Plugin]
2019-11-12 08:54:01.911 [main] INFO  o.s.d.e.client.TransportClientFactoryBean - Adding transport node : 172.18.1.244:9300
2019-11-12 08:54:04.502 [main] INFO  com.alibaba.druid.pool.DruidDataSource - {dataSource-1} inited
2019-11-12 08:54:05.543 [main] INFO  org.mongodb.driver.cluster - Cluster created with settings {hosts=[172.18.0.139:27017], mode=SINGLE, requiredClusterType=UNKNOWN, serverSelectionTimeout='30000 ms', maxWaitQueueSize=500}
2019-11-12 08:54:05.627 [cluster-ClusterId{value='5dca02ad4e099d1f23a1c2a4', description='null'}-172.18.0.139:27017] INFO  org.mongodb.driver.connection - Opened connection [connectionId{localValue:1, serverValue:463}] to 172.18.0.139:27017
2019-11-12 08:54:05.637 [cluster-ClusterId{value='5dca02ad4e099d1f23a1c2a4', description='null'}-172.18.0.139:27017] INFO  org.mongodb.driver.cluster - Monitor thread successfully connected to server with description ServerDescription{address=172.18.0.139:27017, type=STANDALONE, state=CONNECTED, ok=true, version=ServerVersion{versionList=[4, 0, 10]}, minWireVersion=0, maxWireVersion=7, maxDocumentSize=16777216, logicalSessionTimeoutMinutes=30, roundTripTimeNanos=6447103}
2019-11-12 08:54:06.278 [main] INFO  o.s.a.rabbit.connection.CachingConnectionFactory - Attempting to connect to: [172.18.1.109:5672]
2019-11-12 08:54:06.314 [main] INFO  o.s.a.rabbit.connection.CachingConnectionFactory - Created new connection: rabbitConnectionFactory#54d116d5:0/SimpleConnection@374013e8 [delegate=amqp://admin@172.18.1.109:5672/, localPort= 56028]
2019-11-12 08:54:06.541 [main] INFO  org.quartz.impl.StdSchedulerFactory - Using default implementation for ThreadExecutor
2019-11-12 08:54:06.553 [main] INFO  org.quartz.core.SchedulerSignalerImpl - Initialized Scheduler Signaller of type: class org.quartz.core.SchedulerSignalerImpl
2019-11-12 08:54:06.553 [main] INFO  org.quartz.core.QuartzScheduler - Quartz Scheduler v.2.3.1 created.
2019-11-12 08:54:06.554 [main] INFO  org.quartz.simpl.RAMJobStore - RAMJobStore initialized.
2019-11-12 08:54:06.554 [main] INFO  org.quartz.core.QuartzScheduler - Scheduler meta-data: Quartz Scheduler (v2.3.1) 'quartzScheduler' with instanceId 'NON_CLUSTERED'
  Scheduler class: 'org.quartz.core.QuartzScheduler' - running locally.
  NOT STARTED.
  Currently in standby mode.
  Number of jobs executed: 0
  Using thread pool 'org.quartz.simpl.SimpleThreadPool' - with 10 threads.
  Using job-store 'org.quartz.simpl.RAMJobStore' - which does not support persistence. and is not clustered.

2019-11-12 08:54:06.555 [main] INFO  org.quartz.impl.StdSchedulerFactory - Quartz scheduler 'quartzScheduler' initialized from an externally provided properties instance.
2019-11-12 08:54:06.555 [main] INFO  org.quartz.impl.StdSchedulerFactory - Quartz scheduler version: 2.3.1
2019-11-12 08:54:06.555 [main] INFO  org.quartz.core.QuartzScheduler - JobFactory set to: org.springframework.scheduling.quartz.SpringBeanJobFactory@611ffa8d
2019-11-12 08:54:07.309 [main] INFO  o.s.security.web.DefaultSecurityFilterChain - Creating filter chain: Ant [pattern='/login', POST], []
2019-11-12 08:54:07.309 [main] INFO  o.s.security.web.DefaultSecurityFilterChain - Creating filter chain: Ant [pattern='/assets/**', GET], []
2019-11-12 08:54:07.309 [main] INFO  o.s.security.web.DefaultSecurityFilterChain - Creating filter chain: Ant [pattern='/favicon.ico', GET], []
2019-11-12 08:54:07.309 [main] INFO  o.s.security.web.DefaultSecurityFilterChain - Creating filter chain: Ant [pattern='/activiti-editor/**', GET], []
2019-11-12 08:54:07.439 [main] INFO  o.s.security.web.DefaultSecurityFilterChain - Creating filter chain: OrRequestMatcher [requestMatchers=[Ant [pattern='/oauth/token'], Ant [pattern='/oauth/token_key'], Ant [pattern='/oauth/check_token']]], [org.springframework.security.web.context.request.async.WebAsyncManagerIntegrationFilter@51c660c8, org.springframework.security.web.context.SecurityContextPersistenceFilter@59881424, org.springframework.security.web.header.HeaderWriterFilter@59a49dbc, org.springframework.security.web.authentication.logout.LogoutFilter@6872201, org.springframework.security.web.authentication.www.BasicAuthenticationFilter@75dc995f, org.springframework.security.web.savedrequest.RequestCacheAwareFilter@361a618e, org.springframework.security.web.servletapi.SecurityContextHolderAwareRequestFilter@29471e3e, org.springframework.security.web.authentication.AnonymousAuthenticationFilter@498102a4, org.springframework.security.web.session.SessionManagementFilter@4aa4bfa1, org.springframework.security.web.access.ExceptionTranslationFilter@168ffb0, org.springframework.security.web.access.intercept.FilterSecurityInterceptor@54b88247]
2019-11-12 08:54:07.450 [main] INFO  o.s.security.web.DefaultSecurityFilterChain - Creating filter chain: OrRequestMatcher [requestMatchers=[Ant [pattern='/user/**']]], [org.springframework.security.web.context.request.async.WebAsyncManagerIntegrationFilter@43300e64, org.springframework.security.web.context.SecurityContextPersistenceFilter@18d76c14, org.springframework.security.web.header.HeaderWriterFilter@6fc9c0cc, org.springframework.security.web.authentication.logout.LogoutFilter@76629f82, org.springframework.security.oauth2.provider.authentication.OAuth2AuthenticationProcessingFilter@55bf08a5, org.springframework.security.web.savedrequest.RequestCacheAwareFilter@517f9ba3, org.springframework.security.web.servletapi.SecurityContextHolderAwareRequestFilter@7011eee0, org.springframework.security.web.authentication.AnonymousAuthenticationFilter@27ae6f9e, org.springframework.security.web.session.SessionManagementFilter@21a09c5a, org.springframework.security.web.access.ExceptionTranslationFilter@bc85538, org.springframework.security.web.access.intercept.FilterSecurityInterceptor@34e4a136]
2019-11-12 08:54:07.482 [main] INFO  s.d.s.w.PropertySourcedRequestMappingHandlerMapping - Mapped URL path [/v2/api-docs] onto method [springfox.documentation.swagger2.web.Swagger2Controller#getDocumentation(String, HttpServletRequest)]
2019-11-12 08:54:07.494 [main] INFO  o.s.b.a.web.servlet.WelcomePageHandlerMapping - Adding welcome page template: index
2019-11-12 08:54:07.733 [main] INFO  o.s.security.web.DefaultSecurityFilterChain - Creating filter chain: any request, [org.springframework.security.web.context.request.async.WebAsyncManagerIntegrationFilter@780e6b63, org.springframework.security.web.context.SecurityContextPersistenceFilter@33224703, org.springframework.security.web.header.HeaderWriterFilter@7356ec91, org.springframework.web.filter.CorsFilter@51b1732d, com.example.demo.JWTSecurity.filter.JwtAuthorizationTokenFilter@36cfe107, org.springframework.security.web.savedrequest.RequestCacheAwareFilter@5915ab69, org.springframework.security.web.servletapi.SecurityContextHolderAwareRequestFilter@1d63f6be, org.springframework.security.web.authentication.AnonymousAuthenticationFilter@65b639e1, org.springframework.security.web.session.SessionManagementFilter@3f803fae, org.springframework.security.web.access.ExceptionTranslationFilter@49a46f29, org.springframework.security.web.access.intercept.FilterSecurityInterceptor@6d86d1ad]
2019-11-12 08:54:07.914 [main] INFO  o.s.scheduling.concurrent.ThreadPoolTaskExecutor - Initializing ExecutorService 'applicationTaskExecutor'
2019-11-12 08:54:08.906 [main] INFO  o.s.scheduling.concurrent.ThreadPoolTaskScheduler - Initializing ExecutorService 'taskScheduler'
2019-11-12 08:54:09.046 [main] INFO  s.d.s.web.plugins.DocumentationPluginsBootstrapper - Context refreshed
2019-11-12 08:54:09.088 [main] INFO  s.d.s.web.plugins.DocumentationPluginsBootstrapper - Found 1 custom documentation plugin(s)
2019-11-12 08:54:09.122 [main] INFO  s.d.spring.web.scanners.ApiListingReferenceScanner - Scanning for api listing references
2019-11-12 08:54:09.248 [main] INFO  o.s.scheduling.quartz.SchedulerFactoryBean - Starting Quartz Scheduler now
2019-11-12 08:54:09.248 [main] INFO  org.quartz.core.QuartzScheduler - Scheduler quartzScheduler_$_NON_CLUSTERED started.
2019-11-12 08:54:09.257 [main] INFO  org.apache.coyote.http11.Http11NioProtocol - Starting ProtocolHandler ["http-nio-8091"]
2019-11-12 08:54:09.353 [main] INFO  o.s.boot.web.embedded.tomcat.TomcatWebServer - Tomcat started on port(s): 8091 (http) with context path ''
2019-11-12 08:54:09.356 [main] INFO  com.example.demo.DemoNginxApplication - Started DemoNginxApplication in 14.105 seconds (JVM running for 15.184)
2019-11-12 08:54:09.706 [main] INFO  com.example.demo.JWTSecurity.init.SysConfigInit - 初始化常量16条！
2019-11-12 08:54:19.217 [SpringContextShutdownHook] INFO  o.s.a.r.listener.SimpleMessageListenerContainer - Waiting for workers to finish.
2019-11-12 08:54:19.230 [SpringContextShutdownHook] INFO  o.s.a.r.listener.SimpleMessageListenerContainer - Successfully waited for workers to finish.
2019-11-12 08:54:19.232 [SpringContextShutdownHook] INFO  o.s.a.r.listener.SimpleMessageListenerContainer - Waiting for workers to finish.
2019-11-12 08:54:41.957 [main] INFO  com.example.demo.DemoApplicationTests - Starting DemoApplicationTests on SC-201907151545 with PID 78360 (started by Administrator in G:\demo)
2019-11-12 08:54:41.958 [main] INFO  com.example.demo.DemoApplicationTests - No active profile set, falling back to default profiles: default
2019-11-12 08:54:43.108 [main] INFO  o.s.b.a.l.ConditionEvaluationReportLoggingListener - 

Error starting ApplicationContext. To display the conditions report re-run your application with 'debug' enabled.
